<?xml version="1.0" encoding="UTF-8"?>
<testsuite xmlns:xsi="http://www.w3.org/2001/XMLSchema-instance" xsi:noNamespaceSchemaLocation="https://maven.apache.org/surefire/maven-surefire-plugin/xsd/surefire-test-report-3.0.xsd" version="3.0" name="test.jira.xray.RunCucumberTest" time="3.196" tests="5" errors="0" skipped="0" failures="0">
  <properties>
[...]
</properties>
  <testcase name="Belly - test import 1-Report Junit" classname="Belly" time="0.123">
    <system-out><![CDATA[
@ABC-100 @ABC-122
Scenario: test import 1-Report Junit &amp#27;[90m# test/features/belly.feature:5&amp#27;[0m
GIVEN
  &amp#27;[32mGiven &amp#27;[0m&amp#27;[32mI have &amp#27;[0m&amp#27;[32m&amp#27;[1m42&amp#27;[0m&amp#27;[32m cukes in my belly&amp#27;[0m  &amp#27;[90m# test.jira.xray.StepDefinitions.I_have_cukes_in_my_belly(int)&amp#27;[0m
WHENd
  &amp#27;[32mWhen &amp#27;[0m&amp#27;[32mI wait &amp#27;[0m&amp#27;[32m&amp#27;[1m1&amp#27;[0m&amp#27;[32m hour&amp#27;[0m                 &amp#27;[90m# test.jira.xray.StepDefinitions.I_wait_hours(int)&amp#27;[0m
THEN
  &amp#27;[32mThen &amp#27;[0m&amp#27;[32mmy belly should growl&amp#27;[0m         &amp#27;[90m# test.jira.xray.StepDefinitions.my_belly_should_growl()&amp#27;[0m
]]></system-out>
  </testcase>
  <testcase name="Belly - test import 2-Report Junit" classname="Belly" time="0.008">
    <system-out><![CDATA[
@ABC-100 @ABC-122
Scenario: test import 2-Report Junit &amp#27;[90m# test/features/belly.feature:11&amp#27;[0m
GIVEN
  &amp#27;[32mGiven &amp#27;[0m&amp#27;[32mI have &amp#27;[0m&amp#27;[32m&amp#27;[1m42&amp#27;[0m&amp#27;[32m cukes in my belly&amp#27;[0m  &amp#27;[90m# test.jira.xray.StepDefinitions.I_have_cukes_in_my_belly(int)&amp#27;[0m
WHENd
  &amp#27;[32mWhen &amp#27;[0m&amp#27;[32mI wait &amp#27;[0m&amp#27;[32m&amp#27;[1m1&amp#27;[0m&amp#27;[32m hour&amp#27;[0m                 &amp#27;[90m# test.jira.xray.StepDefinitions.I_wait_hours(int)&amp#27;[0m
THEN
  &amp#27;[32mThen &amp#27;[0m&amp#27;[32mmy belly should growl&amp#27;[0m         &amp#27;[90m# test.jira.xray.StepDefinitions.my_belly_should_growl()&amp#27;[0m
]]></system-out>
  </testcase>
  <testcase name="Belly - test import 3-Report Junit" classname="Belly" time="0.009">
    <system-out><![CDATA[
@ABC-100 @ABC-122
Scenario: test import 3-Report Junit &amp#27;[90m# test/features/belly.feature:17&amp#27;[0m
GIVEN
  &amp#27;[32mGiven &amp#27;[0m&amp#27;[32mI have &amp#27;[0m&amp#27;[32m&amp#27;[1m42&amp#27;[0m&amp#27;[32m cukes in my belly&amp#27;[0m  &amp#27;[90m# test.jira.xray.StepDefinitions.I_have_cukes_in_my_belly(int)&amp#27;[0m
WHENd
  &amp#27;[32mWhen &amp#27;[0m&amp#27;[32mI wait &amp#27;[0m&amp#27;[32m&amp#27;[1m1&amp#27;[0m&amp#27;[32m hour&amp#27;[0m                 &amp#27;[90m# test.jira.xray.StepDefinitions.I_wait_hours(int)&amp#27;[0m
THEN
  &amp#27;[32mThen &amp#27;[0m&amp#27;[32mmy belly should growl&amp#27;[0m         &amp#27;[90m# test.jira.xray.StepDefinitions.my_belly_should_growl()&amp#27;[0m
]]></system-out>
  </testcase>
  <testcase name="Belly - test import 4-Report Junit" classname="Belly" time="0.022">
    <system-out><![CDATA[
@ABC-100 @ABC-122
Scenario: test import 4-Report Junit &amp#27;[90m# test/features/belly.feature:23&amp#27;[0m
GIVEN
  &amp#27;[32mGiven &amp#27;[0m&amp#27;[32mI have &amp#27;[0m&amp#27;[32m&amp#27;[1m42&amp#27;[0m&amp#27;[32m cukes in my belly&amp#27;[0m  &amp#27;[90m# test.jira.xray.StepDefinitions.I_have_cukes_in_my_belly(int)&amp#27;[0m
WHENd
  &amp#27;[32mWhen &amp#27;[0m&amp#27;[32mI wait &amp#27;[0m&amp#27;[32m&amp#27;[1m1&amp#27;[0m&amp#27;[32m hour&amp#27;[0m                 &amp#27;[90m# test.jira.xray.StepDefinitions.I_wait_hours(int)&amp#27;[0m
THEN
  &amp#27;[32mThen &amp#27;[0m&amp#27;[32mmy belly should growl&amp#27;[0m         &amp#27;[90m# test.jira.xray.StepDefinitions.my_belly_should_growl()&amp#27;[0m
]]></system-out>
  </testcase>
  <testcase name="Belly - test import 5-Report Junit" classname="Belly" time="0.013">
    <system-out><![CDATA[
@ABC-100 @ABC-122
Scenario: test import 5-Report Junit &amp#27;[90m# test/features/belly.feature:29&amp#27;[0m
GIVEN
  &amp#27;[32mGiven &amp#27;[0m&amp#27;[32mI have &amp#27;[0m&amp#27;[32m&amp#27;[1m42&amp#27;[0m&amp#27;[32m cukes in my belly&amp#27;[0m  &amp#27;[90m# test.jira.xray.StepDefinitions.I_have_cukes_in_my_belly(int)&amp#27;[0m
WHENd
  &amp#27;[32mWhen &amp#27;[0m&amp#27;[32mI wait &amp#27;[0m&amp#27;[32m&amp#27;[1m1&amp#27;[0m&amp#27;[32m hour&amp#27;[0m                 &amp#27;[90m# test.jira.xray.StepDefinitions.I_wait_hours(int)&amp#27;[0m
THEN
  &amp#27;[32mThen &amp#27;[0m&amp#27;[32mmy belly should growl&amp#27;[0m         &amp#27;[90m# test.jira.xray.StepDefinitions.my_belly_should_growl()&amp#27;[0m
]]></system-out>
  </testcase>
</testsuite>